C:\USERS\RSADHU\DESKTOP\WORK\PREPTURKIYE2015-AUG24\BST\BST\DEBUG\BST.PCH
C:\USERS\RSADHU\DESKTOP\WORK\PREPTURKIYE2015-AUG24\BST\BST\DEBUG\STDAFX.OBJ
C:\USERS\RSADHU\DESKTOP\WORK\PREPTURKIYE2015-AUG24\BST\BST\DEBUG\VC110.PDB
C:\USERS\RSADHU\DESKTOP\WORK\PREPTURKIYE2015-AUG24\BST\BST\DEBUG\BST.OBJ
C:\USERS\RSADHU\DESKTOP\WORK\PREPTURKIYE2015-AUG24\BST\DEBUG\BST.ILK
C:\USERS\RSADHU\DESKTOP\WORK\PREPTURKIYE2015-AUG24\BST\DEBUG\BST.EXE
C:\USERS\RSADHU\DESKTOP\WORK\PREPTURKIYE2015-AUG24\BST\DEBUG\BST.PDB
C:\Users\rsadhu\Desktop\work\prepTurkiye2015-aug24\BST\BST\Debug\BST.obj
C:\Users\rsadhu\Desktop\work\prepTurkiye2015-aug24\BST\BST\Debug\stdafx.obj
C:\Users\rsadhu\Desktop\work\prepTurkiye2015-aug24\BST\BST\Debug\cl.command.1.tlog
C:\Users\rsadhu\Desktop\work\prepTurkiye2015-aug24\BST\BST\Debug\CL.read.1.tlog
C:\Users\rsadhu\Desktop\work\prepTurkiye2015-aug24\BST\BST\Debug\CL.write.1.tlog
C:\Users\rsadhu\Desktop\work\prepTurkiye2015-aug24\BST\BST\Debug\link-cvtres.read.1.tlog
C:\Users\rsadhu\Desktop\work\prepTurkiye2015-aug24\BST\BST\Debug\link-cvtres.write.1.tlog
C:\Users\rsadhu\Desktop\work\prepTurkiye2015-aug24\BST\BST\Debug\link-rc.read.1.tlog
C:\Users\rsadhu\Desktop\work\prepTurkiye2015-aug24\BST\BST\Debug\link-rc.write.1.tlog
C:\Users\rsadhu\Desktop\work\prepTurkiye2015-aug24\BST\BST\Debug\link.command.1.tlog
C:\Users\rsadhu\Desktop\work\prepTurkiye2015-aug24\BST\BST\Debug\link.read.1.tlog
C:\Users\rsadhu\Desktop\work\prepTurkiye2015-aug24\BST\BST\Debug\link.write.1.tlog
C:\Users\rsadhu\Desktop\work\prepTurkiye2015-aug24\BST\BST\Debug\BST.pch
C:\Users\rsadhu\Desktop\work\prepTurkiye2015-aug24\BST\BST\Debug\vc110.idb
C:\Users\rsadhu\Desktop\work\prepTurkiye2015-aug24\BST\BST\Debug\vc110.pdb
C:\Users\rsadhu\Desktop\work\prepTurkiye2015-aug24\BST\Debug\BST.pdb
C:\Users\rsadhu\Desktop\work\prepTurkiye2015-aug24\BST\Debug\BST.exe
C:\Users\rsadhu\Desktop\work\prepTurkiye2015-aug24\BST\Debug\BST.ilk
